<?xml version="1.0" encoding="UTF-8"?>
<testsuite xmlns:xsi="http://www.w3.org/2001/XMLSchema-instance" xsi:noNamespaceSchemaLocation="https://maven.apache.org/surefire/maven-surefire-plugin/xsd/surefire-test-report-3.0.xsd" version="3.0" name="TestSuite" time="99.041" tests="4" errors="0" skipped="0" failures="1">
  <properties>
[...]
</properties>
  <testcase name="basepagenevigation" classname="Academy.Homepage" time="1.419"/>
  <testcase name="basepagenevigation" classname="Academy.Homepage" time="0.822"/>
  <testcase name="basepagenevigation" classname="Academy.Validationoftext" time="0.2">
    <failure message="expected [Create a new account123] but found [Create a new account]" type="java.lang.AssertionError"><![CDATA[java.lang.AssertionError: expected [Create a new account123] but found [Create a new account]
	at Academy.Validationoftext.basepagenevigation(Validationoftext.java:30)
]]></failure>
  </testcase>
  <testcase name="basepagenevigation" classname="Academy.Validationofdisplay" time="0.254"/>
</testsuite>