-------------------------------------------------------------------------------
Test set: TestSuite
-------------------------------------------------------------------------------
Tests run: 4, Failures: 1, Errors: 0, Skipped: 0, Time elapsed: 99.041 s <<< FAILURE! - in TestSuite
Academy.Validationoftext.basepagenevigation  Time elapsed: 0.2 s  <<< FAILURE!
java.lang.AssertionError: expected [Create a new account123] but found [Create a new account]
	at Academy.Validationoftext.basepagenevigation(Validationoftext.java:30)

